{"level":"error","message":["ERROR fetching order: ",{"kind":"ObjectId","message":"Cast to ObjectId failed for value \"getOrders\" (type string) at path \"_id\" for model \"Order\"","name":"CastError","path":"_id","reason":{},"stringValue":"\"getOrders\"","value":"getOrders","valueType":"string"}]}
{"level":"error","message":["ERROR fetching order: ",{"kind":"ObjectId","message":"Cast to ObjectId failed for value \"getOrders\" (type string) at path \"_id\" for model \"Order\"","name":"CastError","path":"_id","reason":{},"stringValue":"\"getOrders\"","value":"getOrders","valueType":"string"}]}
{"level":"error","message":["ERROR fetching order: ",{"kind":"ObjectId","message":"Cast to ObjectId failed for value \"getOrders\" (type string) at path \"_id\" for model \"Order\"","name":"CastError","path":"_id","reason":{},"stringValue":"\"getOrders\"","value":"getOrders","valueType":"string"}]}
{"level":"error","message":["ERROR fetching order: ",{"kind":"ObjectId","message":"Cast to ObjectId failed for value \"getOrders\" (type string) at path \"_id\" for model \"Order\"","name":"CastError","path":"_id","reason":{},"stringValue":"\"getOrders\"","value":"getOrders","valueType":"string"}]}
{"level":"error","message":["ERROR fetching order: ",{"kind":"ObjectId","message":"Cast to ObjectId failed for value \"getOrders\" (type string) at path \"_id\" for model \"Order\"","name":"CastError","path":"_id","reason":{},"stringValue":"\"getOrders\"","value":"getOrders","valueType":"string"}]}
{"level":"error","message":["ERROR fetching order: ",{"kind":"ObjectId","message":"Cast to ObjectId failed for value \"getOrders\" (type string) at path \"_id\" for model \"Order\"","name":"CastError","path":"_id","reason":{},"stringValue":"\"getOrders\"","value":"getOrders","valueType":"string"}]}
{"level":"error","message":["ERROR fetching order: ",{"kind":"ObjectId","message":"Cast to ObjectId failed for value \"getOrders\" (type string) at path \"_id\" for model \"Order\"","name":"CastError","path":"_id","reason":{},"stringValue":"\"getOrders\"","value":"getOrders","valueType":"string"}]}
{"level":"error","message":["ERROR fetching order: ",{"kind":"ObjectId","message":"Cast to ObjectId failed for value \"getOrders\" (type string) at path \"_id\" for model \"Order\"","name":"CastError","path":"_id","reason":{},"stringValue":"\"getOrders\"","value":"getOrders","valueType":"string"}]}
{"level":"error","message":["ERROR fetching order: ",{"kind":"ObjectId","message":"Cast to ObjectId failed for value \"getOrders\" (type string) at path \"_id\" for model \"Order\"","name":"CastError","path":"_id","reason":{},"stringValue":"\"getOrders\"","value":"getOrders","valueType":"string"}]}
{"level":"error","message":["ERROR fetching order: ",{"kind":"ObjectId","message":"Cast to ObjectId failed for value \"getOrders\" (type string) at path \"_id\" for model \"Order\"","name":"CastError","path":"_id","reason":{},"stringValue":"\"getOrders\"","value":"getOrders","valueType":"string"}]}
{"level":"error","message":["ERROR fetching order: ",{"kind":"ObjectId","message":"Cast to ObjectId failed for value \"getOrders\" (type string) at path \"_id\" for model \"Order\"","name":"CastError","path":"_id","reason":{},"stringValue":"\"getOrders\"","value":"getOrders","valueType":"string"}]}
{"level":"error","message":["ERROR fetching order: ",{"kind":"ObjectId","message":"Cast to ObjectId failed for value \"getOrders\" (type string) at path \"_id\" for model \"Order\"","name":"CastError","path":"_id","reason":{},"stringValue":"\"getOrders\"","value":"getOrders","valueType":"string"}]}
{"level":"error","message":["ERROR fetching order: ",{"kind":"ObjectId","message":"Cast to ObjectId failed for value \"getOrders\" (type string) at path \"_id\" for model \"Order\"","name":"CastError","path":"_id","reason":{},"stringValue":"\"getOrders\"","value":"getOrders","valueType":"string"}]}
{"level":"error","message":["ERROR fetching order: ",{"kind":"ObjectId","message":"Cast to ObjectId failed for value \"getOrders\" (type string) at path \"_id\" for model \"Order\"","name":"CastError","path":"_id","reason":{},"stringValue":"\"getOrders\"","value":"getOrders","valueType":"string"}]}
{"level":"error","message":["ERROR fetching order: ",{"kind":"ObjectId","message":"Cast to ObjectId failed for value \"getOrders\" (type string) at path \"_id\" for model \"Order\"","name":"CastError","path":"_id","reason":{},"stringValue":"\"getOrders\"","value":"getOrders","valueType":"string"}]}
{"level":"error","message":["ERROR fetching order: ",{"kind":"ObjectId","message":"Cast to ObjectId failed for value \"getOrders\" (type string) at path \"_id\" for model \"Order\"","name":"CastError","path":"_id","reason":{},"stringValue":"\"getOrders\"","value":"getOrders","valueType":"string"}]}
{"level":"error","message":["ERROR fetching order: ",{"kind":"ObjectId","message":"Cast to ObjectId failed for value \"getOrders\" (type string) at path \"_id\" for model \"Order\"","name":"CastError","path":"_id","reason":{},"stringValue":"\"getOrders\"","value":"getOrders","valueType":"string"}]}
{"level":"error","message":["ERROR fetching order: ",{"kind":"ObjectId","message":"Cast to ObjectId failed for value \"getOrders\" (type string) at path \"_id\" for model \"Order\"","name":"CastError","path":"_id","reason":{},"stringValue":"\"getOrders\"","value":"getOrders","valueType":"string"}]}
{"level":"error","message":["ERROR fetching order: ",{"kind":"ObjectId","message":"Cast to ObjectId failed for value \"getOrders\" (type string) at path \"_id\" for model \"Order\"","name":"CastError","path":"_id","reason":{},"stringValue":"\"getOrders\"","value":"getOrders","valueType":"string"}]}
{"level":"error","message":["ERROR fetching order: ",{"kind":"ObjectId","message":"Cast to ObjectId failed for value \"getOrders\" (type string) at path \"_id\" for model \"Order\"","name":"CastError","path":"_id","reason":{},"stringValue":"\"getOrders\"","value":"getOrders","valueType":"string"}]}
{"level":"error","message":["ERROR fetching order: ",{"kind":"ObjectId","message":"Cast to ObjectId failed for value \"getOrders\" (type string) at path \"_id\" for model \"Order\"","name":"CastError","path":"_id","reason":{},"stringValue":"\"getOrders\"","value":"getOrders","valueType":"string"}]}
{"level":"error","message":["ERROR fetching order: ",{"kind":"ObjectId","message":"Cast to ObjectId failed for value \"getOrders\" (type string) at path \"_id\" for model \"Order\"","name":"CastError","path":"_id","reason":{},"stringValue":"\"getOrders\"","value":"getOrders","valueType":"string"}]}
{"level":"error","message":["ERROR fetching order: ",{"kind":"ObjectId","message":"Cast to ObjectId failed for value \"getOrders\" (type string) at path \"_id\" for model \"Order\"","name":"CastError","path":"_id","reason":{},"stringValue":"\"getOrders\"","value":"getOrders","valueType":"string"}]}
{"level":"error","message":["ERROR fetching order: ",{"kind":"ObjectId","message":"Cast to ObjectId failed for value \"getOrders\" (type string) at path \"_id\" for model \"Order\"","name":"CastError","path":"_id","reason":{},"stringValue":"\"getOrders\"","value":"getOrders","valueType":"string"}]}
{"level":"error","message":["ERROR fetching order: ",{"kind":"ObjectId","message":"Cast to ObjectId failed for value \"getOrders\" (type string) at path \"_id\" for model \"Order\"","name":"CastError","path":"_id","reason":{},"stringValue":"\"getOrders\"","value":"getOrders","valueType":"string"}]}
{"level":"error","message":["ERROR fetching order: ",{"kind":"ObjectId","message":"Cast to ObjectId failed for value \"getOrders\" (type string) at path \"_id\" for model \"Order\"","name":"CastError","path":"_id","reason":{},"stringValue":"\"getOrders\"","value":"getOrders","valueType":"string"}]}
{"level":"error","message":["ERROR fetching order: ",{"kind":"ObjectId","message":"Cast to ObjectId failed for value \"getOrders\" (type string) at path \"_id\" for model \"Order\"","name":"CastError","path":"_id","reason":{},"stringValue":"\"getOrders\"","value":"getOrders","valueType":"string"}]}
{"level":"error","message":["ERROR fetching order: ",{"kind":"ObjectId","message":"Cast to ObjectId failed for value \"getOrders\" (type string) at path \"_id\" for model \"Order\"","name":"CastError","path":"_id","reason":{},"stringValue":"\"getOrders\"","value":"getOrders","valueType":"string"}]}
{"level":"error","message":["ERROR fetching order: ",{"kind":"ObjectId","message":"Cast to ObjectId failed for value \"getOrders\" (type string) at path \"_id\" for model \"Order\"","name":"CastError","path":"_id","reason":{},"stringValue":"\"getOrders\"","value":"getOrders","valueType":"string"}]}
{"level":"error","message":["ERROR fetching order: ",{"kind":"ObjectId","message":"Cast to ObjectId failed for value \"getOrders\" (type string) at path \"_id\" for model \"Order\"","name":"CastError","path":"_id","reason":{},"stringValue":"\"getOrders\"","value":"getOrders","valueType":"string"}]}
{"level":"error","message":["ERROR fetching order: ",{"kind":"ObjectId","message":"Cast to ObjectId failed for value \"getOrders\" (type string) at path \"_id\" for model \"Order\"","name":"CastError","path":"_id","reason":{},"stringValue":"\"getOrders\"","value":"getOrders","valueType":"string"}]}
{"level":"error","message":["ERROR fetching order: ",{"kind":"ObjectId","message":"Cast to ObjectId failed for value \"getOrders\" (type string) at path \"_id\" for model \"Order\"","name":"CastError","path":"_id","reason":{},"stringValue":"\"getOrders\"","value":"getOrders","valueType":"string"}]}
{"level":"error","message":["ERROR fetching order: ",{"kind":"ObjectId","message":"Cast to ObjectId failed for value \"getOrders\" (type string) at path \"_id\" for model \"Order\"","name":"CastError","path":"_id","reason":{},"stringValue":"\"getOrders\"","value":"getOrders","valueType":"string"}]}
{"level":"error","message":["ERROR fetching order: ",{"kind":"ObjectId","message":"Cast to ObjectId failed for value \"getOrders\" (type string) at path \"_id\" for model \"Order\"","name":"CastError","path":"_id","reason":{},"stringValue":"\"getOrders\"","value":"getOrders","valueType":"string"}]}
{"level":"error","message":["ERROR fetching order: ",{"kind":"ObjectId","message":"Cast to ObjectId failed for value \"getOrders\" (type string) at path \"_id\" for model \"Order\"","name":"CastError","path":"_id","reason":{},"stringValue":"\"getOrders\"","value":"getOrders","valueType":"string"}]}
{"level":"error","message":["ERROR fetching order: ",{"kind":"ObjectId","message":"Cast to ObjectId failed for value \"getOrders\" (type string) at path \"_id\" for model \"Order\"","name":"CastError","path":"_id","reason":{},"stringValue":"\"getOrders\"","value":"getOrders","valueType":"string"}]}
{"level":"error","message":["ERROR fetching order: ",{"kind":"ObjectId","message":"Cast to ObjectId failed for value \"getOrders\" (type string) at path \"_id\" for model \"Order\"","name":"CastError","path":"_id","reason":{},"stringValue":"\"getOrders\"","value":"getOrders","valueType":"string"}]}
{"level":"error","message":["ERROR fetching order: ",{"kind":"ObjectId","message":"Cast to ObjectId failed for value \"getOrders\" (type string) at path \"_id\" for model \"Order\"","name":"CastError","path":"_id","reason":{},"stringValue":"\"getOrders\"","value":"getOrders","valueType":"string"}]}
{"level":"error","message":["ERROR fetching order: ",{"kind":"ObjectId","message":"Cast to ObjectId failed for value \"getOrders\" (type string) at path \"_id\" for model \"Order\"","name":"CastError","path":"_id","reason":{},"stringValue":"\"getOrders\"","value":"getOrders","valueType":"string"}]}
{"level":"error","message":["ERROR fetching order: ",{"kind":"ObjectId","message":"Cast to ObjectId failed for value \"getOrders\" (type string) at path \"_id\" for model \"Order\"","name":"CastError","path":"_id","reason":{},"stringValue":"\"getOrders\"","value":"getOrders","valueType":"string"}]}
{"level":"error","message":["ERROR fetching order: ",{"kind":"ObjectId","message":"Cast to ObjectId failed for value \"getOrders\" (type string) at path \"_id\" for model \"Order\"","name":"CastError","path":"_id","reason":{},"stringValue":"\"getOrders\"","value":"getOrders","valueType":"string"}]}
{"level":"error","message":["ERROR fetching order: ",{"kind":"ObjectId","message":"Cast to ObjectId failed for value \"getOrders\" (type string) at path \"_id\" for model \"Order\"","name":"CastError","path":"_id","reason":{},"stringValue":"\"getOrders\"","value":"getOrders","valueType":"string"}]}
{"level":"error","message":["ERROR fetching order: ",{"kind":"ObjectId","message":"Cast to ObjectId failed for value \"getOrders\" (type string) at path \"_id\" for model \"Order\"","name":"CastError","path":"_id","reason":{},"stringValue":"\"getOrders\"","value":"getOrders","valueType":"string"}]}
{"level":"error","message":["ERROR fetching order: ",{"kind":"ObjectId","message":"Cast to ObjectId failed for value \"getOrders\" (type string) at path \"_id\" for model \"Order\"","name":"CastError","path":"_id","reason":{},"stringValue":"\"getOrders\"","value":"getOrders","valueType":"string"}]}
{"level":"error","message":["ERROR fetching order: ",{"kind":"ObjectId","message":"Cast to ObjectId failed for value \"getOrders\" (type string) at path \"_id\" for model \"Order\"","name":"CastError","path":"_id","reason":{},"stringValue":"\"getOrders\"","value":"getOrders","valueType":"string"}]}
{"level":"error","message":["ERROR fetching order: ",{"kind":"ObjectId","message":"Cast to ObjectId failed for value \"getOrders\" (type string) at path \"_id\" for model \"Order\"","name":"CastError","path":"_id","reason":{},"stringValue":"\"getOrders\"","value":"getOrders","valueType":"string"}]}
{"level":"error","message":["ERROR fetching order: ",{"kind":"ObjectId","message":"Cast to ObjectId failed for value \"getOrders\" (type string) at path \"_id\" for model \"Order\"","name":"CastError","path":"_id","reason":{},"stringValue":"\"getOrders\"","value":"getOrders","valueType":"string"}]}
{"level":"error","message":["ERROR fetching order: ",{"kind":"ObjectId","message":"Cast to ObjectId failed for value \"getOrders\" (type string) at path \"_id\" for model \"Order\"","name":"CastError","path":"_id","reason":{},"stringValue":"\"getOrders\"","value":"getOrders","valueType":"string"}]}
{"level":"error","message":["ERROR fetching order: ",{"kind":"ObjectId","message":"Cast to ObjectId failed for value \"getOrders\" (type string) at path \"_id\" for model \"Order\"","name":"CastError","path":"_id","reason":{},"stringValue":"\"getOrders\"","value":"getOrders","valueType":"string"}]}
{"level":"error","message":["ERROR fetching order: ",{"kind":"ObjectId","message":"Cast to ObjectId failed for value \"getOrders\" (type string) at path \"_id\" for model \"Order\"","name":"CastError","path":"_id","reason":{},"stringValue":"\"getOrders\"","value":"getOrders","valueType":"string"}]}
{"level":"error","message":["ERROR fetching order: ",{"kind":"ObjectId","message":"Cast to ObjectId failed for value \"getOrders\" (type string) at path \"_id\" for model \"Order\"","name":"CastError","path":"_id","reason":{},"stringValue":"\"getOrders\"","value":"getOrders","valueType":"string"}]}
{"level":"error","message":["ERROR fetching order: ",{"kind":"ObjectId","message":"Cast to ObjectId failed for value \"getOrders\" (type string) at path \"_id\" for model \"Order\"","name":"CastError","path":"_id","reason":{},"stringValue":"\"getOrders\"","value":"getOrders","valueType":"string"}]}
{"level":"error","message":["ERROR fetching order: ",{"kind":"ObjectId","message":"Cast to ObjectId failed for value \"getOrders\" (type string) at path \"_id\" for model \"Order\"","name":"CastError","path":"_id","reason":{},"stringValue":"\"getOrders\"","value":"getOrders","valueType":"string"}]}
{"level":"error","message":["ERROR fetching order: ",{"kind":"ObjectId","message":"Cast to ObjectId failed for value \"getOrders\" (type string) at path \"_id\" for model \"Order\"","name":"CastError","path":"_id","reason":{},"stringValue":"\"getOrders\"","value":"getOrders","valueType":"string"}]}
{"level":"error","message":["ERROR fetching order: ",{"kind":"ObjectId","message":"Cast to ObjectId failed for value \"getOrders\" (type string) at path \"_id\" for model \"Order\"","name":"CastError","path":"_id","reason":{},"stringValue":"\"getOrders\"","value":"getOrders","valueType":"string"}]}
{"level":"error","message":["ERROR fetching order: ",{"kind":"ObjectId","message":"Cast to ObjectId failed for value \"getOrders\" (type string) at path \"_id\" for model \"Order\"","name":"CastError","path":"_id","reason":{},"stringValue":"\"getOrders\"","value":"getOrders","valueType":"string"}]}
{"level":"error","message":["ERROR fetching order: ",{"kind":"ObjectId","message":"Cast to ObjectId failed for value \"getOrders\" (type string) at path \"_id\" for model \"Order\"","name":"CastError","path":"_id","reason":{},"stringValue":"\"getOrders\"","value":"getOrders","valueType":"string"}]}
{"level":"error","message":["ERROR fetching order: ",{"kind":"ObjectId","message":"Cast to ObjectId failed for value \"getOrders\" (type string) at path \"_id\" for model \"Order\"","name":"CastError","path":"_id","reason":{},"stringValue":"\"getOrders\"","value":"getOrders","valueType":"string"}]}
{"level":"error","message":["ERROR fetching order: ",{"kind":"ObjectId","message":"Cast to ObjectId failed for value \"getOrders\" (type string) at path \"_id\" for model \"Order\"","name":"CastError","path":"_id","reason":{},"stringValue":"\"getOrders\"","value":"getOrders","valueType":"string"}]}
{"level":"error","message":["ERROR fetching order: ",{"kind":"ObjectId","message":"Cast to ObjectId failed for value \"getOrders\" (type string) at path \"_id\" for model \"Order\"","name":"CastError","path":"_id","reason":{},"stringValue":"\"getOrders\"","value":"getOrders","valueType":"string"}]}
{"level":"error","message":["ERROR fetching order: ",{"kind":"ObjectId","message":"Cast to ObjectId failed for value \"getOrders\" (type string) at path \"_id\" for model \"Order\"","name":"CastError","path":"_id","reason":{},"stringValue":"\"getOrders\"","value":"getOrders","valueType":"string"}]}
{"level":"error","message":["ERROR fetching order: ",{"kind":"ObjectId","message":"Cast to ObjectId failed for value \"getOrders\" (type string) at path \"_id\" for model \"Order\"","name":"CastError","path":"_id","reason":{},"stringValue":"\"getOrders\"","value":"getOrders","valueType":"string"}]}
{"level":"error","message":["ERROR fetching order: ",{"kind":"ObjectId","message":"Cast to ObjectId failed for value \"getOrders\" (type string) at path \"_id\" for model \"Order\"","name":"CastError","path":"_id","reason":{},"stringValue":"\"getOrders\"","value":"getOrders","valueType":"string"}]}
{"level":"error","message":["ERROR fetching order: ",{"kind":"ObjectId","message":"Cast to ObjectId failed for value \"getOrders\" (type string) at path \"_id\" for model \"Order\"","name":"CastError","path":"_id","reason":{},"stringValue":"\"getOrders\"","value":"getOrders","valueType":"string"}]}
{"level":"error","message":["ERROR fetching order: ",{"kind":"ObjectId","message":"Cast to ObjectId failed for value \"getOrders\" (type string) at path \"_id\" for model \"Order\"","name":"CastError","path":"_id","reason":{},"stringValue":"\"getOrders\"","value":"getOrders","valueType":"string"}]}
{"level":"error","message":["ERROR fetching order: ",{"kind":"ObjectId","message":"Cast to ObjectId failed for value \"getOrders\" (type string) at path \"_id\" for model \"Order\"","name":"CastError","path":"_id","reason":{},"stringValue":"\"getOrders\"","value":"getOrders","valueType":"string"}]}
{"level":"error","message":["ERROR fetching order: ",{"kind":"ObjectId","message":"Cast to ObjectId failed for value \"getOrders\" (type string) at path \"_id\" for model \"Order\"","name":"CastError","path":"_id","reason":{},"stringValue":"\"getOrders\"","value":"getOrders","valueType":"string"}]}
{"level":"error","message":["ERROR fetching order: ",{"kind":"ObjectId","message":"Cast to ObjectId failed for value \"getOrders\" (type string) at path \"_id\" for model \"Order\"","name":"CastError","path":"_id","reason":{},"stringValue":"\"getOrders\"","value":"getOrders","valueType":"string"}]}
{"level":"error","message":["ERROR fetching order: ",{"kind":"ObjectId","message":"Cast to ObjectId failed for value \"getOrders\" (type string) at path \"_id\" for model \"Order\"","name":"CastError","path":"_id","reason":{},"stringValue":"\"getOrders\"","value":"getOrders","valueType":"string"}]}
{"level":"error","message":["ERROR fetching order: ",{"kind":"ObjectId","message":"Cast to ObjectId failed for value \"getOrders\" (type string) at path \"_id\" for model \"Order\"","name":"CastError","path":"_id","reason":{},"stringValue":"\"getOrders\"","value":"getOrders","valueType":"string"}]}
{"level":"error","message":["ERROR fetching order: ",{"kind":"ObjectId","message":"Cast to ObjectId failed for value \"getOrders\" (type string) at path \"_id\" for model \"Order\"","name":"CastError","path":"_id","reason":{},"stringValue":"\"getOrders\"","value":"getOrders","valueType":"string"}]}
{"level":"error","message":["ERROR fetching order: ",{"kind":"ObjectId","message":"Cast to ObjectId failed for value \"getOrders\" (type string) at path \"_id\" for model \"Order\"","name":"CastError","path":"_id","reason":{},"stringValue":"\"getOrders\"","value":"getOrders","valueType":"string"}]}
{"level":"error","message":["ERROR fetching order: ",{"kind":"ObjectId","message":"Cast to ObjectId failed for value \"getOrders\" (type string) at path \"_id\" for model \"Order\"","name":"CastError","path":"_id","reason":{},"stringValue":"\"getOrders\"","value":"getOrders","valueType":"string"}]}
{"level":"error","message":["ERROR fetching order: ",{"kind":"ObjectId","message":"Cast to ObjectId failed for value \"getOrders\" (type string) at path \"_id\" for model \"Order\"","name":"CastError","path":"_id","reason":{},"stringValue":"\"getOrders\"","value":"getOrders","valueType":"string"}]}
{"level":"error","message":["ERROR fetching order: ",{"kind":"ObjectId","message":"Cast to ObjectId failed for value \"getOrders\" (type string) at path \"_id\" for model \"Order\"","name":"CastError","path":"_id","reason":{},"stringValue":"\"getOrders\"","value":"getOrders","valueType":"string"}]}
{"level":"error","message":["ERROR fetching order: ",{"kind":"ObjectId","message":"Cast to ObjectId failed for value \"getOrders\" (type string) at path \"_id\" for model \"Order\"","name":"CastError","path":"_id","reason":{},"stringValue":"\"getOrders\"","value":"getOrders","valueType":"string"}]}
{"level":"error","message":["ERROR fetching order: ",{"kind":"ObjectId","message":"Cast to ObjectId failed for value \"getOrders\" (type string) at path \"_id\" for model \"Order\"","name":"CastError","path":"_id","reason":{},"stringValue":"\"getOrders\"","value":"getOrders","valueType":"string"}]}
{"level":"error","message":["ERROR fetching order: ",{"kind":"ObjectId","message":"Cast to ObjectId failed for value \"getOrders\" (type string) at path \"_id\" for model \"Order\"","name":"CastError","path":"_id","reason":{},"stringValue":"\"getOrders\"","value":"getOrders","valueType":"string"}]}
{"level":"error","message":["ERROR fetching order: ",{"kind":"ObjectId","message":"Cast to ObjectId failed for value \"getOrders\" (type string) at path \"_id\" for model \"Order\"","name":"CastError","path":"_id","reason":{},"stringValue":"\"getOrders\"","value":"getOrders","valueType":"string"}]}
{"level":"error","message":["ERROR fetching order: ",{"kind":"ObjectId","message":"Cast to ObjectId failed for value \"getOrders\" (type string) at path \"_id\" for model \"Order\"","name":"CastError","path":"_id","reason":{},"stringValue":"\"getOrders\"","value":"getOrders","valueType":"string"}]}
{"level":"error","message":["ERROR fetching order: ",{"kind":"ObjectId","message":"Cast to ObjectId failed for value \"getOrders\" (type string) at path \"_id\" for model \"Order\"","name":"CastError","path":"_id","reason":{},"stringValue":"\"getOrders\"","value":"getOrders","valueType":"string"}]}
{"level":"error","message":["ERROR fetching order: ",{"kind":"ObjectId","message":"Cast to ObjectId failed for value \"getOrders\" (type string) at path \"_id\" for model \"Order\"","name":"CastError","path":"_id","reason":{},"stringValue":"\"getOrders\"","value":"getOrders","valueType":"string"}]}
{"level":"error","message":["ERROR fetching order: ",{"kind":"ObjectId","message":"Cast to ObjectId failed for value \"getOrders\" (type string) at path \"_id\" for model \"Order\"","name":"CastError","path":"_id","reason":{},"stringValue":"\"getOrders\"","value":"getOrders","valueType":"string"}]}
{"level":"error","message":["ERROR fetching order: ",{"kind":"ObjectId","message":"Cast to ObjectId failed for value \"getOrders\" (type string) at path \"_id\" for model \"Order\"","name":"CastError","path":"_id","reason":{},"stringValue":"\"getOrders\"","value":"getOrders","valueType":"string"}]}
{"level":"error","message":["ERROR fetching order: ",{"kind":"ObjectId","message":"Cast to ObjectId failed for value \"getOrders\" (type string) at path \"_id\" for model \"Order\"","name":"CastError","path":"_id","reason":{},"stringValue":"\"getOrders\"","value":"getOrders","valueType":"string"}]}
{"level":"error","message":["ERROR fetching order: ",{"kind":"ObjectId","message":"Cast to ObjectId failed for value \"getOrders\" (type string) at path \"_id\" for model \"Order\"","name":"CastError","path":"_id","reason":{},"stringValue":"\"getOrders\"","value":"getOrders","valueType":"string"}]}
{"level":"error","message":["ERROR fetching order: ",{"kind":"ObjectId","message":"Cast to ObjectId failed for value \"getOrders\" (type string) at path \"_id\" for model \"Order\"","name":"CastError","path":"_id","reason":{},"stringValue":"\"getOrders\"","value":"getOrders","valueType":"string"}]}
{"level":"error","message":["ERROR fetching order: ",{"kind":"ObjectId","message":"Cast to ObjectId failed for value \"getOrders\" (type string) at path \"_id\" for model \"Order\"","name":"CastError","path":"_id","reason":{},"stringValue":"\"getOrders\"","value":"getOrders","valueType":"string"}]}
{"level":"error","message":["ERROR fetching order: ",{"kind":"ObjectId","message":"Cast to ObjectId failed for value \"getOrders\" (type string) at path \"_id\" for model \"Order\"","name":"CastError","path":"_id","reason":{},"stringValue":"\"getOrders\"","value":"getOrders","valueType":"string"}]}
{"level":"error","message":["ERROR fetching order: ",{"kind":"ObjectId","message":"Cast to ObjectId failed for value \"090898\" (type string) at path \"_id\" for model \"Order\"","name":"CastError","path":"_id","reason":{},"stringValue":"\"090898\"","value":"090898","valueType":"string"}]}
{"level":"error","message":["ERROR fetching staff: ",{"kind":"ObjectId","message":"Cast to ObjectId failed for value \"roles\" (type string) at path \"_id\" for model \"Staff\"","name":"CastError","path":"_id","reason":{},"stringValue":"\"roles\"","value":"roles","valueType":"string"}]}
{"level":"error","message":["ERROR fetching staff: ",{"kind":"ObjectId","message":"Cast to ObjectId failed for value \"roles\" (type string) at path \"_id\" for model \"Staff\"","name":"CastError","path":"_id","reason":{},"stringValue":"\"roles\"","value":"roles","valueType":"string"}]}
{"level":"error","message":["ERROR fetching staff: ",{"kind":"ObjectId","message":"Cast to ObjectId failed for value \"roles\" (type string) at path \"_id\" for model \"Staff\"","name":"CastError","path":"_id","reason":{},"stringValue":"\"roles\"","value":"roles","valueType":"string"}]}
{"level":"error","message":["ERROR fetching staff: ",{"kind":"ObjectId","message":"Cast to ObjectId failed for value \"roles\" (type string) at path \"_id\" for model \"Staff\"","name":"CastError","path":"_id","reason":{},"stringValue":"\"roles\"","value":"roles","valueType":"string"}]}
{"level":"error","message":["Field `phone` is not in schema and strict mode is set to throw."]}
{"level":"error","message":["updatedStaff is not defined"]}
{"level":"error","message":["updatedStaff is not defined"]}
{"level":"error","message":[{"code":11000,"errorResponse":{"code":11000,"errmsg":"E11000 duplicate key error collection: restaurant.staffs index: staffNumber_1 dup key: { staffNumber: 2 }","index":0,"keyPattern":{"staffNumber":1},"keyValue":{"staffNumber":2}},"index":0,"keyPattern":{"staffNumber":1},"keyValue":{"staffNumber":2}}]}
{"level":"error","message":[{"code":11000,"errorResponse":{"code":11000,"errmsg":"E11000 duplicate key error collection: restaurant.staffs index: staffNumber_1 dup key: { staffNumber: 3 }","index":0,"keyPattern":{"staffNumber":1},"keyValue":{"staffNumber":3}},"index":0,"keyPattern":{"staffNumber":1},"keyValue":{"staffNumber":3}}]}
